<?xml version="1.0" encoding="UTF-8"?>
<!-- Generated by org.testng.reporters.JUnitReportReporter -->
<testsuite skipped="0" hostname="SHIV" name="com.shiv.quetzal.New_Test" tests="1" failures="0" timestamp="01 Jul 2017 11:33:26 GMT" time="48.382" errors="0">
  <testcase name="sampleTest" time="48.382" classname="com.shiv.quetzal.New_Test"/>
</testsuite> <!-- com.shiv.quetzal.New_Test -->
