<?xml version="1.0" encoding="UTF-8"?>
<!-- Generated by org.testng.reporters.JUnitReportReporter -->
<testsuite skipped="0" hostname="CSCINDAE750778" name="com.shiv.quetzal.New_Test" tests="1" failures="0" timestamp="10 Jul 2017 13:48:31 GMT" time="457.793" errors="0">
  <testcase name="sampleTest" time="457.793" classname="com.shiv.quetzal.New_Test"/>
</testsuite> <!-- com.shiv.quetzal.New_Test -->
