<?xml version="1.0" encoding="UTF-8"?>
<!-- Generated by org.testng.reporters.JUnitReportReporter -->
<testsuite skipped="0" hostname="CSCINDAE750778" name="com.shiv.quetzal.New_Test" tests="1" failures="0" timestamp="28 Apr 2017 11:58:54 GMT" time="307.471" errors="0">
  <testcase name="sampleTest" time="307.471" classname="com.shiv.quetzal.New_Test"/>
</testsuite> <!-- com.shiv.quetzal.New_Test -->
